<?xml version="1.0" encoding="UTF-8"?>
<testsuite xmlns:xsi="http://www.w3.org/2001/XMLSchema-instance" xsi:noNamespaceSchemaLocation="https://maven.apache.org/surefire/maven-surefire-plugin/xsd/surefire-test-report.xsd" name="com.nar.lab15.MultiplicationTest" time="0.178" tests="2" errors="0" skipped="0" failures="0">
  <properties>
[...]
</properties>
  <testcase name="testMultiplyPositive" classname="com.nar.lab15.MultiplicationTest" time="0.013"/>
  <testcase name="testMultiplyNegative" classname="com.nar.lab15.MultiplicationTest" time="0"/>
</testsuite>